This is pdfTeX, Version 3.14159265-2.6-1.40.16 (TeX Live 2015/Debian) (preloaded format=pdflatex 2016.8.26)  27 NOV 2016 09:55
entering extended mode
 restricted \write18 enabled.
 %&-line parsing enabled.
**GDP_Ariadna.tex
(./GDP_Ariadna.tex
LaTeX2e <2016/02/01>
Babel <3.9q> and hyphenation patterns for 5 language(s) loaded.
(./elsarticle.cls
Document Class: elsarticle 2009/09/17, 1.20b: Elsevier Ltd
\@bls=\dimen102
(/usr/share/texlive/texmf-dist/tex/latex/base/article.cls
Document Class: article 2014/09/29 v1.4h Standard LaTeX document class
(/usr/share/texlive/texmf-dist/tex/latex/base/size10.clo
File: size10.clo 2014/09/29 v1.4h Standard LaTeX file (size option)
)
\c@part=\count79
\c@section=\count80
\c@subsection=\count81
\c@subsubsection=\count82
\c@paragraph=\count83
\c@subparagraph=\count84
\c@figure=\count85
\c@table=\count86
\abovecaptionskip=\skip41
\belowcaptionskip=\skip42
\bibindent=\dimen103
)
(/usr/share/texlive/texmf-dist/tex/latex/graphics/graphicx.sty
Package: graphicx 2014/10/28 v1.0g Enhanced LaTeX Graphics (DPC,SPQR)

(/usr/share/texlive/texmf-dist/tex/latex/graphics/keyval.sty
Package: keyval 2014/10/28 v1.15 key=value parser (DPC)
\KV@toks@=\toks14
)
(/usr/share/texlive/texmf-dist/tex/latex/graphics/graphics.sty
Package: graphics 2016/01/03 v1.0q Standard LaTeX Graphics (DPC,SPQR)

(/usr/share/texlive/texmf-dist/tex/latex/graphics/trig.sty
Package: trig 2016/01/03 v1.10 sin cos tan (DPC)
)
(/usr/share/texlive/texmf-dist/tex/latex/latexconfig/graphics.cfg
File: graphics.cfg 2010/04/23 v1.9 graphics configuration of TeX Live
)
Package graphics Info: Driver file: pdftex.def on input line 95.

(/usr/share/texlive/texmf-dist/tex/latex/pdftex-def/pdftex.def
File: pdftex.def 2011/05/27 v0.06d Graphics/color for pdfTeX

(/usr/share/texlive/texmf-dist/tex/generic/oberdiek/infwarerr.sty
Package: infwarerr 2010/04/08 v1.3 Providing info/warning/error messages (HO)
)
(/usr/share/texlive/texmf-dist/tex/generic/oberdiek/ltxcmds.sty
Package: ltxcmds 2011/11/09 v1.22 LaTeX kernel commands for general use (HO)
)
\Gread@gobject=\count87
))
\Gin@req@height=\dimen104
\Gin@req@width=\dimen105
)
(/usr/share/texlive/texmf-dist/tex/latex/psnfss/pifont.sty
Package: pifont 2005/04/12 PSNFSS-v9.2a Pi font support (SPQR) 
LaTeX Font Info:    Try loading font information for U+pzd on input line 63.

(/usr/share/texlive/texmf-dist/tex/latex/psnfss/upzd.fd
File: upzd.fd 2001/06/04 font definitions for U/pzd.
)
LaTeX Font Info:    Try loading font information for U+psy on input line 64.

(/usr/share/texlive/texmf-dist/tex/latex/psnfss/upsy.fd
File: upsy.fd 2001/06/04 font definitions for U/psy.
))
\c@tnote=\count88
\c@fnote=\count89
\c@cnote=\count90
\c@ead=\count91
\c@author=\count92
\@eadauthor=\toks15
\c@affn=\count93
\absbox=\box26
\keybox=\box27
\Columnwidth=\dimen106
\space@left=\dimen107
\els@boxa=\box28
\els@boxb=\box29
\leftMargin=\dimen108
\@enLab=\toks16
\@sep=\skip43
\@@sep=\skip44
 (./GDP_Ariadna.spl)
(/usr/share/texlive/texmf-dist/tex/latex/natbib/natbib.sty
Package: natbib 2010/09/13 8.31b (PWD, AO)
\bibhang=\skip45
\bibsep=\skip46
LaTeX Info: Redefining \cite on input line 694.
\c@NAT@ctr=\count94
)
\splwrite=\write3
\openout3 = `GDP_Ariadna.spl'.


(/usr/share/texlive/texmf-dist/tex/latex/geometry/geometry.sty
Package: geometry 2010/09/12 v5.6 Page Geometry

(/usr/share/texlive/texmf-dist/tex/generic/oberdiek/ifpdf.sty
Package: ifpdf 2011/01/30 v2.3 Provides the ifpdf switch (HO)
Package ifpdf Info: pdfTeX in PDF mode is detected.
)
(/usr/share/texlive/texmf-dist/tex/generic/oberdiek/ifvtex.sty
Package: ifvtex 2010/03/01 v1.5 Detect VTeX and its facilities (HO)
Package ifvtex Info: VTeX not detected.
)
(/usr/share/texlive/texmf-dist/tex/generic/ifxetex/ifxetex.sty
Package: ifxetex 2010/09/12 v0.6 Provides ifxetex conditional
)
\Gm@cnth=\count95
\Gm@cntv=\count96
\c@Gm@tempcnt=\count97
\Gm@bindingoffset=\dimen109
\Gm@wd@mp=\dimen110
\Gm@odd@mp=\dimen111
\Gm@even@mp=\dimen112
\Gm@layoutwidth=\dimen113
\Gm@layoutheight=\dimen114
\Gm@layouthoffset=\dimen115
\Gm@layoutvoffset=\dimen116
\Gm@dimlist=\toks17
)
\appnamewidth=\dimen117
)
(/usr/share/texlive/texmf-dist/tex/latex/amsfonts/amssymb.sty
Package: amssymb 2013/01/14 v3.01 AMS font symbols

(/usr/share/texlive/texmf-dist/tex/latex/amsfonts/amsfonts.sty
Package: amsfonts 2013/01/14 v3.01 Basic AMSFonts support
\@emptytoks=\toks18
\symAMSa=\mathgroup4
\symAMSb=\mathgroup5
LaTeX Font Info:    Overwriting math alphabet `\mathfrak' in version `bold'
(Font)                  U/euf/m/n --> U/euf/b/n on input line 106.
))
(/usr/share/texlive/texmf-dist/tex/latex/caption/subcaption.sty
Package: subcaption 2016/02/20 v1.1-142 Sub-captions (AR)

(/usr/share/texlive/texmf-dist/tex/latex/caption/caption.sty
Package: caption 2016/02/21 v3.3-144 Customizing captions (AR)

(/usr/share/texlive/texmf-dist/tex/latex/caption/caption3.sty
Package: caption3 2016/02/04 v1.7-139 caption3 kernel (AR)
Package caption3 Info: TeX engine: e-TeX on input line 67.
\captionmargin=\dimen118
\captionmargin@=\dimen119
\captionwidth=\dimen120
\caption@tempdima=\dimen121
\caption@indent=\dimen122
\caption@parindent=\dimen123
\caption@hangindent=\dimen124
)
\c@ContinuedFloat=\count98
)
\c@subfigure=\count99
\c@subtable=\count100
)
(./GDP_Ariadna.aux

LaTeX Warning: Label `subSec:theorical' multiply defined.


LaTeX Warning: Label `subSec:radius' multiply defined.


LaTeX Warning: Label `subSec:radius' multiply defined.


Package natbib Warning: Citation `Baz' multiply defined.


Package natbib Warning: Citation `Baz' multiply defined.


Package natbib Warning: Citation `Baz' multiply defined.


Package natbib Warning: Citation `Baz' multiply defined.


Package natbib Warning: Citation `Baz' multiply defined.

)
\openout1 = `GDP_Ariadna.aux'.

LaTeX Font Info:    Checking defaults for OML/cmm/m/it on input line 84.
LaTeX Font Info:    ... okay on input line 84.
LaTeX Font Info:    Checking defaults for T1/cmr/m/n on input line 84.
LaTeX Font Info:    ... okay on input line 84.
LaTeX Font Info:    Checking defaults for OT1/cmr/m/n on input line 84.
LaTeX Font Info:    ... okay on input line 84.
LaTeX Font Info:    Checking defaults for OMS/cmsy/m/n on input line 84.
LaTeX Font Info:    ... okay on input line 84.
LaTeX Font Info:    Checking defaults for OMX/cmex/m/n on input line 84.
LaTeX Font Info:    ... okay on input line 84.
LaTeX Font Info:    Checking defaults for U/cmr/m/n on input line 84.
LaTeX Font Info:    ... okay on input line 84.
 (/usr/share/texlive/texmf-dist/tex/context/base/supp-pdf.mkii
[Loading MPS to PDF converter (version 2006.09.02).]
\scratchcounter=\count101
\scratchdimen=\dimen125
\scratchbox=\box30
\nofMPsegments=\count102
\nofMParguments=\count103
\everyMPshowfont=\toks19
\MPscratchCnt=\count104
\MPscratchDim=\dimen126
\MPnumerator=\count105
\makeMPintoPDFobject=\count106
\everyMPtoPDFconversion=\toks20
) (/usr/share/texlive/texmf-dist/tex/generic/oberdiek/pdftexcmds.sty
Package: pdftexcmds 2011/11/29 v0.20 Utility functions of pdfTeX for LuaTeX (HO
)

(/usr/share/texlive/texmf-dist/tex/generic/oberdiek/ifluatex.sty
Package: ifluatex 2010/03/01 v1.3 Provides the ifluatex switch (HO)
Package ifluatex Info: LuaTeX not detected.
)
Package pdftexcmds Info: LuaTeX not detected.
Package pdftexcmds Info: \pdf@primitive is available.
Package pdftexcmds Info: \pdf@ifprimitive is available.
Package pdftexcmds Info: \pdfdraftmode found.
)
(/usr/share/texlive/texmf-dist/tex/latex/oberdiek/epstopdf-base.sty
Package: epstopdf-base 2010/02/09 v2.5 Base part for package epstopdf

(/usr/share/texlive/texmf-dist/tex/latex/oberdiek/grfext.sty
Package: grfext 2010/08/19 v1.1 Manage graphics extensions (HO)

(/usr/share/texlive/texmf-dist/tex/generic/oberdiek/kvdefinekeys.sty
Package: kvdefinekeys 2011/04/07 v1.3 Define keys (HO)
))
(/usr/share/texlive/texmf-dist/tex/latex/oberdiek/kvoptions.sty
Package: kvoptions 2011/06/30 v3.11 Key value format for package options (HO)

(/usr/share/texlive/texmf-dist/tex/generic/oberdiek/kvsetkeys.sty
Package: kvsetkeys 2012/04/25 v1.16 Key value parser (HO)

(/usr/share/texlive/texmf-dist/tex/generic/oberdiek/etexcmds.sty
Package: etexcmds 2011/02/16 v1.5 Avoid name clashes with e-TeX commands (HO)
Package etexcmds Info: Could not find \expanded.
(etexcmds)             That can mean that you are not using pdfTeX 1.50 or
(etexcmds)             that some package has redefined \expanded.
(etexcmds)             In the latter case, load this package earlier.
)))
Package grfext Info: Graphics extension search list:
(grfext)             [.png,.pdf,.jpg,.mps,.jpeg,.jbig2,.jb2,.PNG,.PDF,.JPG,.JPE
G,.JBIG2,.JB2,.eps]
(grfext)             \AppendGraphicsExtensions on input line 452.

(/usr/share/texlive/texmf-dist/tex/latex/latexconfig/epstopdf-sys.cfg
File: epstopdf-sys.cfg 2010/07/13 v1.3 Configuration of (r)epstopdf for TeX Liv
e
))
*geometry* driver: auto-detecting
*geometry* detected driver: pdftex
*geometry* verbose mode - [ preamble ] result:
* driver: pdftex
* paper: custom
* layout: <same size as paper>
* layoutoffset:(h,v)=(0.0pt,0.0pt)
* hratio: 1:1
* vratio: 1:1
* modes: 
* h-part:(L,W,R)=(73.75394pt, 450.0pt, 73.75394pt)
* v-part:(T,H,B)=(130.52342pt, 584.0pt, 130.52342pt)
* \paperwidth=597.50787pt
* \paperheight=845.04684pt
* \textwidth=450.0pt
* \textheight=584.0pt
* \oddsidemargin=1.48395pt
* \evensidemargin=1.48395pt
* \topmargin=50.25343pt
* \headheight=5.0pt
* \headsep=3.0pt
* \topskip=10.0pt
* \footskip=3.0pt
* \marginparwidth=65.0pt
* \marginparsep=11.0pt
* \columnsep=10.0pt
* \skip\footins=6.0pt plus 2.0pt minus 4.0pt
* \hoffset=0.0pt
* \voffset=0.0pt
* \mag=1000
* \@twocolumnfalse
* \@twosidefalse
* \@mparswitchfalse
* \@reversemarginfalse
* (1in=72.27pt=25.4mm, 1cm=28.453pt)

Package caption Info: Begin \AtBeginDocument code.
Package caption Info: End \AtBeginDocument code.

Underfull \hbox (badness 10000) in paragraph at lines 124--128

 []

LaTeX Font Info:    Try loading font information for U+msa on input line 141.
(/usr/share/texlive/texmf-dist/tex/latex/amsfonts/umsa.fd
File: umsa.fd 2013/01/14 v3.01 AMS symbols A
)
LaTeX Font Info:    Try loading font information for U+msb on input line 141.

(/usr/share/texlive/texmf-dist/tex/latex/amsfonts/umsb.fd
File: umsb.fd 2013/01/14 v3.01 AMS symbols B
)
Package epstopdf Info: Source file: <./figs/a.eps>
(epstopdf)                    date: 2013-11-08 10:26:02
(epstopdf)                    size: 14441 bytes
(epstopdf)             Output file: <./figs/a-eps-converted-to.pdf>
(epstopdf)                    date: 2016-11-27 09:15:56
(epstopdf)                    size: 8196 bytes
(epstopdf)             Command: <repstopdf --outfile=./figs/a-eps-converted-to.
pdf ./figs/a.eps>
(epstopdf)             \includegraphics on input line 162.
Package epstopdf Info: Output file is already uptodate.

<./figs/a-eps-converted-to.pdf, id=1, 775.89874pt x 169.63374pt>
File: ./figs/a-eps-converted-to.pdf Graphic file (type pdf)

<use ./figs/a-eps-converted-to.pdf>
Package pdftex.def Info: ./figs/a-eps-converted-to.pdf used on input line 162.
(pdftex.def)             Requested size: 216.81pt x 47.39876pt.


LaTeX Warning: `h' float specifier changed to `ht'.

Package epstopdf Info: Source file: <./figs/agregate.eps>
(epstopdf)                    date: 2016-11-27 08:12:07
(epstopdf)                    size: 43766 bytes
(epstopdf)             Output file: <./figs/agregate-eps-converted-to.pdf>
(epstopdf)                    date: 2016-11-27 09:15:57
(epstopdf)                    size: 14110 bytes
(epstopdf)             Command: <repstopdf --outfile=./figs/agregate-eps-conver
ted-to.pdf ./figs/agregate.eps>
(epstopdf)             \includegraphics on input line 171.
Package epstopdf Info: Output file is already uptodate.
<./figs/agregate-eps-converted-to.pdf, id=2, 383.4325pt x 188.705pt>
File: ./figs/agregate-eps-converted-to.pdf Graphic file (type pdf)

<use ./figs/agregate-eps-converted-to.pdf>
Package pdftex.def Info: ./figs/agregate-eps-converted-to.pdf used on input lin
e 171.
(pdftex.def)             Requested size: 325.215pt x 160.06311pt.
 [1

{/var/lib/texmf/fonts/map/pdftex/updmap/pdftex.map}]
Package epstopdf Info: Source file: <./figs/agregatedemand.eps>
(epstopdf)                    date: 2016-11-27 08:11:05
(epstopdf)                    size: 36235 bytes
(epstopdf)             Output file: <./figs/agregatedemand-eps-converted-to.pdf
>
(epstopdf)                    date: 2016-11-27 09:15:57
(epstopdf)                    size: 10032 bytes
(epstopdf)             Command: <repstopdf --outfile=./figs/agregatedemand-eps-
converted-to.pdf ./figs/agregatedemand.eps>
(epstopdf)             \includegraphics on input line 180.
Package epstopdf Info: Output file is already uptodate.

<./figs/agregatedemand-eps-converted-to.pdf, id=15, 384.43625pt x 189.70876pt>
File: ./figs/agregatedemand-eps-converted-to.pdf Graphic file (type pdf)

<use ./figs/agregatedemand-eps-converted-to.pdf>
Package pdftex.def Info: ./figs/agregatedemand-eps-converted-to.pdf used on inp
ut line 180.
(pdftex.def)             Requested size: 325.215pt x 160.49478pt.
 [2 <./figs/a-eps-converted-to.pdf> <./figs/agregate-eps-converted-to.pdf> <./f
igs/agregatedemand-eps-converted-to.pdf>]
Package epstopdf Info: Source file: <./figs/GDP.eps>
(epstopdf)                    date: 2016-11-27 08:10:06
(epstopdf)                    size: 36220 bytes
(epstopdf)             Output file: <./figs/GDP-eps-converted-to.pdf>
(epstopdf)                    date: 2016-11-27 09:15:57
(epstopdf)                    size: 9912 bytes
(epstopdf)             Command: <repstopdf --outfile=./figs/GDP-eps-converted-t
o.pdf ./figs/GDP.eps>
(epstopdf)             \includegraphics on input line 189.
Package epstopdf Info: Output file is already uptodate.
 <./figs/GDP-eps-converted-to.pdf, id=46, 384.43625pt x 189.70876pt>
File: ./figs/GDP-eps-converted-to.pdf Graphic file (type pdf)

<use ./figs/GDP-eps-converted-to.pdf>
Package pdftex.def Info: ./figs/GDP-eps-converted-to.pdf used on input line 189
.
(pdftex.def)             Requested size: 325.215pt x 160.49478pt.
Missing character: There is no â in font cmti10!
Missing character: There is no € in font cmti10!
Missing character: There is no ¢ in font cmti10!
 [3 <./figs/GDP-eps-converted-to.pdf>]
Package epstopdf Info: Source file: <./figs/radius.eps>
(epstopdf)                    date: 2016-11-27 08:09:00
(epstopdf)                    size: 36248 bytes
(epstopdf)             Output file: <./figs/radius-eps-converted-to.pdf>
(epstopdf)                    date: 2016-11-27 09:15:58
(epstopdf)                    size: 9941 bytes
(epstopdf)             Command: <repstopdf --outfile=./figs/radius-eps-converte
d-to.pdf ./figs/radius.eps>
(epstopdf)             \includegraphics on input line 230.
Package epstopdf Info: Output file is already uptodate.

<./figs/radius-eps-converted-to.pdf, id=58, 450.68375pt x 191.71625pt>
File: ./figs/radius-eps-converted-to.pdf Graphic file (type pdf)

<use ./figs/radius-eps-converted-to.pdf>
Package pdftex.def Info: ./figs/radius-eps-converted-to.pdf used on input line 
230.
(pdftex.def)             Requested size: 361.34999pt x 153.72131pt.
Missing character: There is no â in font cmti10!
Missing character: There is no € in font cmti10!
Missing character: There is no ¢ in font cmti10!
Missing character: There is no â in font cmti10!
Missing character: There is no € in font cmti10!
Missing character: There is no ¢ in font cmti10!
Missing character: There is no â in font cmti10!
Missing character: There is no € in font cmti10!
Missing character: There is no ¢ in font cmti10!
 [4 <./figs/radius-eps-converted-to.pdf>]
Missing character: There is no â in font cmti10!
Missing character: There is no € in font cmti10!
Missing character: There is no ¢ in font cmti10!
Package epstopdf Info: Source file: <./figs/meanradius.eps>
(epstopdf)                    date: 2016-11-27 08:07:39
(epstopdf)                    size: 228318 bytes
(epstopdf)             Output file: <./figs/meanradius-eps-converted-to.pdf>
(epstopdf)                    date: 2016-11-27 09:15:58
(epstopdf)                    size: 51782 bytes
(epstopdf)             Command: <repstopdf --outfile=./figs/meanradius-eps-conv
erted-to.pdf ./figs/meanradius.eps>
(epstopdf)             \includegraphics on input line 276.
Package epstopdf Info: Output file is already uptodate.
 <./figs/meanradius-eps-converted-to.pdf, id=70, 525.965pt x 232.87pt>
File: ./figs/meanradius-eps-converted-to.pdf Graphic file (type pdf)

<use ./figs/meanradius-eps-converted-to.pdf>
Package pdftex.def Info: ./figs/meanradius-eps-converted-to.pdf used on input l
ine 276.
(pdftex.def)             Requested size: 361.34999pt x 159.99467pt.
Missing character: There is no â in font cmti10!
Missing character: There is no € in font cmti10!
Missing character: There is no ¢ in font cmti10!

Underfull \hbox (badness 10000) in paragraph at lines 291--293

 []

[5 <./figs/meanradius-eps-converted-to.pdf>]
Underfull \hbox (badness 10000) in paragraph at lines 294--296

 []


Package natbib Warning: There were multiply defined citations.

[6] (./GDP_Ariadna.aux

Package natbib Warning: Citation(s) may have changed.
(natbib)                Rerun to get citations correct.

)

LaTeX Warning: There were multiply-defined labels.

 ) 
Here is how much of TeX's memory you used:
 4021 strings out of 494910
 59254 string characters out of 6179836
 125771 words of memory out of 5000000
 7254 multiletter control sequences out of 15000+600000
 11083 words of font info for 42 fonts, out of 8000000 for 9000
 36 hyphenation exceptions out of 8191
 42i,7n,40p,1089b,295s stack positions out of 5000i,500n,10000p,200000b,80000s
</usr/share/texlive/texmf-dist/fonts/type1/public/amsfonts/cm/cmbx10.pfb></us
r/share/texlive/texmf-dist/fonts/type1/public/amsfonts/cm/cmcsc10.pfb></usr/sha
re/texlive/texmf-dist/fonts/type1/public/amsfonts/cm/cmr10.pfb></usr/share/texl
ive/texmf-dist/fonts/type1/public/amsfonts/cm/cmr12.pfb></usr/share/texlive/tex
mf-dist/fonts/type1/public/amsfonts/cm/cmr7.pfb></usr/share/texlive/texmf-dist/
fonts/type1/public/amsfonts/cm/cmr8.pfb></usr/share/texlive/texmf-dist/fonts/ty
pe1/public/amsfonts/cm/cmti10.pfb></usr/share/texlive/texmf-dist/fonts/type1/pu
blic/amsfonts/cm/cmti7.pfb></usr/share/texlive/texmf-dist/fonts/type1/public/am
sfonts/cm/cmti8.pfb>
Output written on GDP_Ariadna.pdf (6 pages, 225569 bytes).
PDF statistics:
 115 PDF objects out of 1000 (max. 8388607)
 77 compressed objects within 1 object stream
 0 named destinations out of 1000 (max. 500000)
 31 words of extra memory for PDF output out of 10000 (max. 10000000)

